<?xml version="1.0" encoding="UTF-8"?>
<testng-results skipped="0" failed="0" ignored="0" total="1" passed="1">
  <reporter-output>
  </reporter-output>
  <suite name="testscript.ExecuteLeadTest" duration-ms="11361" started-at="2018-03-14T10:31:17Z" finished-at="2018-03-14T10:31:28Z">
    <groups>
    </groups>
    <test name="Command line test" duration-ms="11361" started-at="2018-03-14T10:31:17Z" finished-at="2018-03-14T10:31:28Z">
      <class name="testscript.ExecuteLeadTest">
        <test-method status="PASS" signature="leadTest()[pri:0, instance:testscript.ExecuteLeadTest@511baa65]" name="leadTest" duration-ms="11343" started-at="2018-03-14T16:01:17Z" description="This test case will give complete hybrid automation output" finished-at="2018-03-14T16:01:28Z">
          <reporter-output>
          </reporter-output>
        </test-method> <!-- leadTest -->
      </class> <!-- testscript.ExecuteLeadTest -->
    </test> <!-- Command line test -->
  </suite> <!-- testscript.ExecuteLeadTest -->
</testng-results>
