<?xml version="1.0" encoding="UTF-8"?>
<!-- Generated by org.testng.reporters.JUnitXMLReporter -->
<testsuite hostname="GLB-171-PC" ignored="0" name="Checkout Feature Test" tests="3" failures="0" timestamp="24 Mar 2018 06:30:00 GMT" time="0.051" errors="0">
  <testcase name="selectItems" time="0.01" classname="TestngTest.FirstTestngScriptTest"/>
  <testcase name="checkOut" time="0.004" classname="TestngTest.FirstTestngScriptTest"/>
  <testcase name="login" time="0.001" classname="TestngTest.DependsOnTest"/>
</testsuite> <!-- Checkout Feature Test -->
