<?xml version="1.0" encoding="UTF-8"?>
<testng-results skipped="0" failed="0" ignored="0" total="1" passed="1">
  <reporter-output>
  </reporter-output>
  <suite name="Default suite" duration-ms="21658" started-at="2018-06-15T11:22:48Z" finished-at="2018-06-15T11:23:10Z">
    <groups>
    </groups>
    <test name="Default test" duration-ms="21658" started-at="2018-06-15T11:22:48Z" finished-at="2018-06-15T11:23:10Z">
      <class name="com.seleniumbasics.GetTextAndLinkText">
        <test-method status="PASS" signature="test2()[pri:0, instance:com.seleniumbasics.GetTextAndLinkText@28feb3fa]" name="test2" duration-ms="20908" started-at="2018-06-15T16:52:48Z" finished-at="2018-06-15T16:53:09Z">
          <reporter-output>
          </reporter-output>
        </test-method> <!-- test2 -->
        <test-method status="PASS" signature="close()[pri:0, instance:com.seleniumbasics.GetTextAndLinkText@28feb3fa]" name="close" is-config="true" duration-ms="702" started-at="2018-06-15T16:53:09Z" finished-at="2018-06-15T16:53:10Z">
          <reporter-output>
          </reporter-output>
        </test-method> <!-- close -->
      </class> <!-- com.seleniumbasics.GetTextAndLinkText -->
    </test> <!-- Default test -->
  </suite> <!-- Default suite -->
</testng-results>
