<?xml version="1.0" encoding="UTF-8"?>
<!-- Generated by org.testng.reporters.JUnitXMLReporter -->
<testsuite hostname="GLB-171-PC" ignored="0" name="dependsOnTest" tests="3" failures="1" timestamp="24 Feb 2018 06:32:48 GMT" time="0.028" errors="0">
  <testcase name="login" time="0.001" classname="TestngTest.DependsOnTest"/>
  <testcase name="logout" time="0.004" classname="TestngTest.DependsOnTest">
    <failure type="java.lang.AssertionError" message="expected [true] but found [false]">
      <![CDATA[java.lang.AssertionError: expected [true] but found [false]at TestngTest.DependsOnTest.logout(DependsOnTest.java:23)... Removed 29 stack frames]]>
    </failure>
  </testcase> <!-- logout -->
  <testcase name="test1" time="0.0" classname="TestngTest.DependsOnTest">
    <skipped/>
  </testcase> <!-- test1 -->
</testsuite> <!-- dependsOnTest -->
