<?xml version="1.0" encoding="UTF-8"?>
<!-- Generated by org.testng.reporters.JUnitXMLReporter -->
<testsuite hostname="GLB-171-PC" ignored="2" name="groupsTest" tests="2" failures="0" timestamp="24 Feb 2018 06:32:48 GMT" time="0.038" errors="0">
  <testcase name="test1" time="0.006" classname="TestngTest.GroupTest"/>
  <testcase name="test4" time="0.002" classname="TestngTest.GroupTest"/>
  <testcase name="test2" time="0.0" classname="TestngTest.GroupTest">
    <ignored/>
  </testcase> <!-- test2 -->
  <testcase name="test3" time="0.0" classname="TestngTest.GroupTest">
    <ignored/>
  </testcase> <!-- test3 -->
</testsuite> <!-- groupsTest -->
